# JRE version: 7.0_10-b18
# Java VM: Java HotSpot(TM) 64-Bit Server VM (23.6-b04 mixed mode windows-amd64 compressed oops)
Heap
 PSYoungGen      total 46912K, used 42514K [0x00000000f1600000, 0x00000000f45a0000, 0x0000000100000000)
  eden space 45056K, 94% used [0x00000000f1600000,0x00000000f3f84a98,0x00000000f4200000)
  from space 1856K, 0% used [0x00000000f43d0000,0x00000000f43d0000,0x00000000f45a0000)
  to   space 1856K, 0% used [0x00000000f4200000,0x00000000f4200000,0x00000000f43d0000)
 ParOldGen       total 42368K, used 18075K [0x00000000d4200000, 0x00000000d6b60000, 0x00000000f1600000)
  object space 42368K, 42% used [0x00000000d4200000,0x00000000d53a6dc0,0x00000000d6b60000)
 PSPermGen       total 33536K, used 16710K [0x00000000cf000000, 0x00000000d10c0000, 0x00000000d4200000)
  object space 33536K, 49% used [0x00000000cf000000,0x00000000d0051860,0x00000000d10c0000)
GC Heap History (10 events):
Event: 0.649 GC heap before
{Heap before GC invocations=1 (full 0):
 PSYoungGen      total 13120K, used 11264K [0x00000000f1600000, 0x00000000f24a0000, 0x0000000100000000)
  eden space 11264K, 100% used [0x00000000f1600000,0x00000000f2100000,0x00000000f2100000)
  from space 1856K, 0% used [0x00000000f22d0000,0x00000000f22d0000,0x00000000f24a0000)
  to   space 1856K, 0% used [0x00000000f2100000,0x00000000f2100000,0x00000000f22d0000)
 ParOldGen       total 29952K, used 0K [0x00000000d4200000, 0x00000000d5f40000, 0x00000000f1600000)
  object space 29952K, 0% used [0x00000000d4200000,0x00000000d4200000,0x00000000d5f40000)
 PSPermGen       total 21248K, used 13499K [0x00000000cf000000, 0x00000000d04c0000, 0x00000000d4200000)
  object space 21248K, 63% used [0x00000000cf000000,0x00000000cfd2ee78,0x00000000d04c0000)
Event: 0.659 GC heap after
Heap after GC invocations=1 (full 0):
 PSYoungGen      total 13120K, used 1824K [0x00000000f1600000, 0x00000000f2fa0000, 0x0000000100000000)
  eden space 11264K, 0% used [0x00000000f1600000,0x00000000f1600000,0x00000000f2100000)
  from space 1856K, 98% used [0x00000000f2100000,0x00000000f22c8050,0x00000000f22d0000)
  to   space 1856K, 0% used [0x00000000f2dd0000,0x00000000f2dd0000,0x00000000f2fa0000)
 ParOldGen       total 29952K, used 2403K [0x00000000d4200000, 0x00000000d5f40000, 0x00000000f1600000)
  object space 29952K, 8% used [0x00000000d4200000,0x00000000d4458f58,0x00000000d5f40000)
 PSPermGen       total 21248K, used 13499K [0x00000000cf000000, 0x00000000d04c0000, 0x00000000d4200000)
  object space 21248K, 63% used [0x00000000cf000000,0x00000000cfd2ee78,0x00000000d04c0000)
}
Event: 1.250 GC heap before
{Heap before GC invocations=2 (full 0):
 PSYoungGen      total 13120K, used 13088K [0x00000000f1600000, 0x00000000f2fa0000, 0x0000000100000000)
  eden space 11264K, 100% used [0x00000000f1600000,0x00000000f2100000,0x00000000f2100000)
  from space 1856K, 98% used [0x00000000f2100000,0x00000000f22c8050,0x00000000f22d0000)
  to   space 1856K, 0% used [0x00000000f2dd0000,0x00000000f2dd0000,0x00000000f2fa0000)
 ParOldGen       total 29952K, used 2403K [0x00000000d4200000, 0x00000000d5f40000, 0x00000000f1600000)
  object space 29952K, 8% used [0x00000000d4200000,0x00000000d4458f58,0x00000000d5f40000)
 PSPermGen       total 21248K, used 13829K [0x00000000cf000000, 0x00000000d04c0000, 0x00000000d4200000)
  object space 21248K, 65% used [0x00000000cf000000,0x00000000cfd81750,0x00000000d04c0000)
Event: 1.261 GC heap after
Heap after GC invocations=2 (full 0):
 PSYoungGen      total 24384K, used 1840K [0x00000000f1600000, 0x00000000f2fa0000, 0x0000000100000000)
  eden space 22528K, 0% used [0x00000000f1600000,0x00000000f1600000,0x00000000f2c00000)
  from space 1856K, 99% used [0x00000000f2dd0000,0x00000000f2f9c150,0x00000000f2fa0000)
  to   space 1856K, 0% used [0x00000000f2c00000,0x00000000f2c00000,0x00000000f2dd0000)
 ParOldGen       total 29952K, used 7017K [0x00000000d4200000, 0x00000000d5f40000, 0x00000000f1600000)
  object space 29952K, 23% used [0x00000000d4200000,0x00000000d48da4c0,0x00000000d5f40000)
 PSPermGen       total 21248K, used 13829K [0x00000000cf000000, 0x00000000d04c0000, 0x00000000d4200000)
  object space 21248K, 65% used [0x00000000cf000000,0x00000000cfd81750,0x00000000d04c0000)
}
Event: 4.355 GC heap before
{Heap before GC invocations=3 (full 0):
 PSYoungGen      total 24384K, used 24368K [0x00000000f1600000, 0x00000000f2fa0000, 0x0000000100000000)
  eden space 22528K, 100% used [0x00000000f1600000,0x00000000f2c00000,0x00000000f2c00000)
  from space 1856K, 99% used [0x00000000f2dd0000,0x00000000f2f9c150,0x00000000f2fa0000)
  to   space 1856K, 0% used [0x00000000f2c00000,0x00000000f2c00000,0x00000000f2dd0000)
 ParOldGen       total 29952K, used 7017K [0x00000000d4200000, 0x00000000d5f40000, 0x00000000f1600000)
  object space 29952K, 23% used [0x00000000d4200000,0x00000000d48da4c0,0x00000000d5f40000)
 PSPermGen       total 21248K, used 14590K [0x00000000cf000000, 0x00000000d04c0000, 0x00000000d4200000)
  object space 21248K, 68% used [0x00000000cf000000,0x00000000cfe3f918,0x00000000d04c0000)
Event: 4.376 GC heap after
Heap after GC invocations=3 (full 0):
 PSYoungGen      total 24384K, used 1840K [0x00000000f1600000, 0x00000000f45a0000, 0x0000000100000000)
  eden space 22528K, 0% used [0x00000000f1600000,0x00000000f1600000,0x00000000f2c00000)
  from space 1856K, 99% used [0x00000000f2c00000,0x00000000f2dcc0f0,0x00000000f2dd0000)
  to   space 1856K, 0% used [0x00000000f43d0000,0x00000000f43d0000,0x00000000f45a0000)
 ParOldGen       total 29952K, used 17888K [0x00000000d4200000, 0x00000000d5f40000, 0x00000000f1600000)
  object space 29952K, 59% used [0x00000000d4200000,0x00000000d53780f0,0x00000000d5f40000)
 PSPermGen       total 21248K, used 14590K [0x00000000cf000000, 0x00000000d04c0000, 0x00000000d4200000)
  object space 21248K, 68% used [0x00000000cf000000,0x00000000cfe3f918,0x00000000d04c0000)
}
Event: 191.083 GC heap before
{Heap before GC invocations=4 (full 0):
 PSYoungGen      total 24384K, used 24368K [0x00000000f1600000, 0x00000000f45a0000, 0x0000000100000000)
  eden space 22528K, 100% used [0x00000000f1600000,0x00000000f2c00000,0x00000000f2c00000)
  from space 1856K, 99% used [0x00000000f2c00000,0x00000000f2dcc0f0,0x00000000f2dd0000)
  to   space 1856K, 0% used [0x00000000f43d0000,0x00000000f43d0000,0x00000000f45a0000)
 ParOldGen       total 29952K, used 17888K [0x00000000d4200000, 0x00000000d5f40000, 0x00000000f1600000)
  object space 29952K, 59% used [0x00000000d4200000,0x00000000d53780f0,0x00000000d5f40000)
 PSPermGen       total 21248K, used 16641K [0x00000000cf000000, 0x00000000d04c0000, 0x00000000d4200000)
  object space 21248K, 78% used [0x00000000cf000000,0x00000000d0040488,0x00000000d04c0000)
Event: 191.103 GC heap after
Heap after GC invocations=4 (full 0):
 PSYoungGen      total 46912K, used 1824K [0x00000000f1600000, 0x00000000f45a0000, 0x0000000100000000)
  eden space 45056K, 0% used [0x00000000f1600000,0x00000000f1600000,0x00000000f4200000)
  from space 1856K, 98% used [0x00000000f43d0000,0x00000000f4598020,0x00000000f45a0000)
  to   space 1856K, 0% used [0x00000000f4200000,0x00000000f4200000,0x00000000f43d0000)
 ParOldGen       total 29952K, used 26041K [0x00000000d4200000, 0x00000000d5f40000, 0x00000000f1600000)
  object space 29952K, 86% used [0x00000000d4200000,0x00000000d5b6e520,0x00000000d5f40000)
 PSPermGen       total 21248K, used 16641K [0x00000000cf000000, 0x00000000d04c0000, 0x00000000d4200000)
  object space 21248K, 78% used [0x00000000cf000000,0x00000000d0040488,0x00000000d04c0000)
}
Event: 191.103 GC heap before
{Heap before GC invocations=5 (full 1):
 PSYoungGen      total 46912K, used 1824K [0x00000000f1600000, 0x00000000f45a0000, 0x0000000100000000)
  eden space 45056K, 0% used [0x00000000f1600000,0x00000000f1600000,0x00000000f4200000)
  from space 1856K, 98% used [0x00000000f43d0000,0x00000000f4598020,0x00000000f45a0000)
  to   space 1856K, 0% used [0x00000000f4200000,0x00000000f4200000,0x00000000f43d0000)
 ParOldGen       total 29952K, used 26041K [0x00000000d4200000, 0x00000000d5f40000, 0x00000000f1600000)
  object space 29952K, 86% used [0x00000000d4200000,0x00000000d5b6e520,0x00000000d5f40000)
 PSPermGen       total 21248K, used 16641K [0x00000000cf000000, 0x00000000d04c0000, 0x00000000d4200000)
  object space 21248K, 78% used [0x00000000cf000000,0x00000000d0040488,0x00000000d04c0000)
Event: 191.233 GC heap after
Heap after GC invocations=5 (full 1):
 PSYoungGen      total 46912K, used 0K [0x00000000f1600000, 0x00000000f45a0000, 0x0000000100000000)
  eden space 45056K, 0% used [0x00000000f1600000,0x00000000f1600000,0x00000000f4200000)
  from space 1856K, 0% used [0x00000000f43d0000,0x00000000f43d0000,0x00000000f45a0000)
  to   space 1856K, 0% used [0x00000000f4200000,0x00000000f4200000,0x00000000f43d0000)
 ParOldGen       total 42368K, used 18075K [0x00000000d4200000, 0x00000000d6b60000, 0x00000000f1600000)
  object space 42368K, 42% used [0x00000000d4200000,0x00000000d53a6dc0,0x00000000d6b60000)
 PSPermGen       total 33536K, used 16634K [0x00000000cf000000, 0x00000000d10c0000, 0x00000000d4200000)
  object space 33536K, 49% used [0x00000000cf000000,0x00000000d003e9a8,0x00000000d10c0000)
}

